-------------------------------------------------------------------------------
Test set: com.row49382.theater.TheaterServiceApplicationTests
-------------------------------------------------------------------------------
Tests run: 1, Failures: 0, Errors: 1, Skipped: 0, Time elapsed: 3.801 s <<< FAILURE! - in com.row49382.theater.TheaterServiceApplicationTests
contextLoads(com.row49382.theater.TheaterServiceApplicationTests)  Time elapsed: 0.004 s  <<< ERROR!
java.lang.IllegalStateException: Failed to load ApplicationContext
Caused by: org.springframework.beans.factory.BeanCreationException: Error creating bean with name 'entityManagerFactory' defined in class path resource [org/springframework/boot/autoconfigure/orm/jpa/HibernateJpaConfiguration.class]: Invocation of init method failed; nested exception is org.hibernate.AnnotationException: No identifier specified for entity: com.row49382.theater.models.Seat
Caused by: org.hibernate.AnnotationException: No identifier specified for entity: com.row49382.theater.models.Seat

